2021-11-09 10:24:45,948 INFO org.springframework.boot.test.context.SpringBootTestContextBootstrapper [main] Neither @ContextConfiguration nor @ContextHierarchy found for test class [com.serviceimplementation.StudentExamTest], using SpringBootContextLoader
2021-11-09 10:24:45,972 INFO org.springframework.test.context.support.AbstractContextLoader [main] Could not detect default resource locations for test class [com.serviceimplementation.StudentExamTest]: no resource found for suffixes {-context.xml, Context.groovy}.
2021-11-09 10:24:45,973 INFO org.springframework.test.context.support.AnnotationConfigContextLoaderUtils [main] Could not detect default configuration classes for test class [com.serviceimplementation.StudentExamTest]: StudentExamTest does not declare any static, non-private, non-final, nested classes annotated with @Configuration.
2021-11-09 10:24:46,179 INFO org.springframework.boot.test.context.SpringBootTestContextBootstrapper [main] Found @SpringBootConfiguration com.OnlineExamSystemApplication for test class com.serviceimplementation.StudentExamTest
2021-11-09 10:24:46,361 INFO org.springframework.boot.test.context.SpringBootTestContextBootstrapper [main] Loaded default TestExecutionListener class names from location [META-INF/spring.factories]: [org.springframework.boot.test.mock.mockito.MockitoTestExecutionListener, org.springframework.boot.test.mock.mockito.ResetMocksTestExecutionListener, org.springframework.boot.test.autoconfigure.restdocs.RestDocsTestExecutionListener, org.springframework.boot.test.autoconfigure.web.client.MockRestServiceServerResetTestExecutionListener, org.springframework.boot.test.autoconfigure.web.servlet.MockMvcPrintOnlyOnFailureTestExecutionListener, org.springframework.boot.test.autoconfigure.web.servlet.WebDriverTestExecutionListener, org.springframework.boot.test.autoconfigure.webservices.client.MockWebServiceServerTestExecutionListener, org.springframework.test.context.web.ServletTestExecutionListener, org.springframework.test.context.support.DirtiesContextBeforeModesTestExecutionListener, org.springframework.test.context.event.ApplicationEventsTestExecutionListener, org.springframework.test.context.support.DependencyInjectionTestExecutionListener, org.springframework.test.context.support.DirtiesContextTestExecutionListener, org.springframework.test.context.transaction.TransactionalTestExecutionListener, org.springframework.test.context.jdbc.SqlScriptsTestExecutionListener, org.springframework.test.context.event.EventPublishingTestExecutionListener]
2021-11-09 10:24:46,386 INFO org.springframework.boot.test.context.SpringBootTestContextBootstrapper [main] Using TestExecutionListeners: [org.springframework.test.context.web.ServletTestExecutionListener@2f7a7219, org.springframework.test.context.support.DirtiesContextBeforeModesTestExecutionListener@669513d8, org.springframework.test.context.event.ApplicationEventsTestExecutionListener@3a1d593e, org.springframework.boot.test.mock.mockito.MockitoTestExecutionListener@4a8a60bc, org.springframework.boot.test.autoconfigure.SpringBootDependencyInjectionTestExecutionListener@361c294e, org.springframework.test.context.support.DirtiesContextTestExecutionListener@7859e786, org.springframework.test.context.transaction.TransactionalTestExecutionListener@285d851a, org.springframework.test.context.jdbc.SqlScriptsTestExecutionListener@314b8f2d, org.springframework.test.context.event.EventPublishingTestExecutionListener@664a9613, org.springframework.boot.test.mock.mockito.ResetMocksTestExecutionListener@5118388b, org.springframework.boot.test.autoconfigure.restdocs.RestDocsTestExecutionListener@15a902e7, org.springframework.boot.test.autoconfigure.web.client.MockRestServiceServerResetTestExecutionListener@7876d598, org.springframework.boot.test.autoconfigure.web.servlet.MockMvcPrintOnlyOnFailureTestExecutionListener@4a3e3e8b, org.springframework.boot.test.autoconfigure.web.servlet.WebDriverTestExecutionListener@5af28b27, org.springframework.boot.test.autoconfigure.webservices.client.MockWebServiceServerTestExecutionListener@71104a4]
2021-11-09 10:24:46,832 INFO com.serviceimplementation.StudentExamTest [main] Starting StudentExamTest using Java 16.0.2 on LAPTOP-C6VKKQO7 with PID 17060 (started by hp in C:\Users\hp\Downloads\OnlineExamSystem)
2021-11-09 10:24:46,835 INFO com.serviceimplementation.StudentExamTest [main] No active profile set, falling back to default profiles: default
2021-11-09 10:24:46,852 INFO org.hibernate.validator.internal.util.Version [background-preinit] HV000001: Hibernate Validator 6.2.0.Final
2021-11-09 10:24:48,769 INFO org.springframework.data.repository.config.RepositoryConfigurationDelegate [main] Bootstrapping Spring Data JPA repositories in DEFAULT mode.
2021-11-09 10:24:49,018 INFO org.springframework.data.repository.config.RepositoryConfigurationDelegate [main] Finished Spring Data repository scanning in 237 ms. Found 7 JPA repository interfaces.
2021-11-09 10:24:51,277 INFO org.hibernate.jpa.internal.util.LogHelper [main] HHH000204: Processing PersistenceUnitInfo [name: default]
2021-11-09 10:24:51,403 INFO org.hibernate.Version [main] HHH000412: Hibernate ORM core version 5.4.32.Final
2021-11-09 10:24:51,492 INFO org.hibernate.annotations.common.Version [main] HCANN000001: Hibernate Commons Annotations {5.1.2.Final}
2021-11-09 10:24:51,808 INFO com.zaxxer.hikari.HikariDataSource [main] HikariPool-1 - Starting...
2021-11-09 10:24:52,131 INFO com.zaxxer.hikari.HikariDataSource [main] HikariPool-1 - Start completed.
2021-11-09 10:24:52,171 INFO org.hibernate.dialect.Dialect [main] HHH000400: Using dialect: org.hibernate.dialect.PostgreSQL10Dialect
2021-11-09 10:24:56,788 INFO org.hibernate.engine.transaction.jta.platform.internal.JtaPlatformInitiator [main] HHH000490: Using JtaPlatform implementation: [org.hibernate.engine.transaction.jta.platform.internal.NoJtaPlatform]
2021-11-09 10:24:56,805 INFO org.springframework.orm.jpa.LocalContainerEntityManagerFactoryBean [main] Initialized JPA EntityManagerFactory for persistence unit 'default'
2021-11-09 10:24:58,667 WARN org.springframework.boot.autoconfigure.orm.jpa.JpaBaseConfiguration$JpaWebConfiguration [main] spring.jpa.open-in-view is enabled by default. Therefore, database queries may be performed during view rendering. Explicitly configure spring.jpa.open-in-view to disable this warning
2021-11-09 10:25:01,588 INFO com.serviceimplementation.StudentExamTest [main] Started StudentExamTest in 15.114 seconds (JVM running for 16.984)
2021-11-09 10:25:01,890 INFO org.springframework.orm.jpa.LocalContainerEntityManagerFactoryBean [SpringApplicationShutdownHook] Closing JPA EntityManagerFactory for persistence unit 'default'
2021-11-09 10:25:01,893 INFO com.zaxxer.hikari.HikariDataSource [SpringApplicationShutdownHook] HikariPool-1 - Shutdown initiated...
2021-11-09 10:25:01,904 INFO com.zaxxer.hikari.HikariDataSource [SpringApplicationShutdownHook] HikariPool-1 - Shutdown completed.
2021-11-09 10:31:17,635 INFO org.springframework.boot.test.context.SpringBootTestContextBootstrapper [main] Neither @ContextConfiguration nor @ContextHierarchy found for test class [com.serviceimplementation.StudentExamTest], using SpringBootContextLoader
2021-11-09 10:31:17,656 INFO org.springframework.test.context.support.AbstractContextLoader [main] Could not detect default resource locations for test class [com.serviceimplementation.StudentExamTest]: no resource found for suffixes {-context.xml, Context.groovy}.
2021-11-09 10:31:17,657 INFO org.springframework.test.context.support.AnnotationConfigContextLoaderUtils [main] Could not detect default configuration classes for test class [com.serviceimplementation.StudentExamTest]: StudentExamTest does not declare any static, non-private, non-final, nested classes annotated with @Configuration.
2021-11-09 10:31:17,946 INFO org.springframework.boot.test.context.SpringBootTestContextBootstrapper [main] Found @SpringBootConfiguration com.OnlineExamSystemApplication for test class com.serviceimplementation.StudentExamTest
2021-11-09 10:31:18,150 INFO org.springframework.boot.test.context.SpringBootTestContextBootstrapper [main] Loaded default TestExecutionListener class names from location [META-INF/spring.factories]: [org.springframework.boot.test.mock.mockito.MockitoTestExecutionListener, org.springframework.boot.test.mock.mockito.ResetMocksTestExecutionListener, org.springframework.boot.test.autoconfigure.restdocs.RestDocsTestExecutionListener, org.springframework.boot.test.autoconfigure.web.client.MockRestServiceServerResetTestExecutionListener, org.springframework.boot.test.autoconfigure.web.servlet.MockMvcPrintOnlyOnFailureTestExecutionListener, org.springframework.boot.test.autoconfigure.web.servlet.WebDriverTestExecutionListener, org.springframework.boot.test.autoconfigure.webservices.client.MockWebServiceServerTestExecutionListener, org.springframework.test.context.web.ServletTestExecutionListener, org.springframework.test.context.support.DirtiesContextBeforeModesTestExecutionListener, org.springframework.test.context.event.ApplicationEventsTestExecutionListener, org.springframework.test.context.support.DependencyInjectionTestExecutionListener, org.springframework.test.context.support.DirtiesContextTestExecutionListener, org.springframework.test.context.transaction.TransactionalTestExecutionListener, org.springframework.test.context.jdbc.SqlScriptsTestExecutionListener, org.springframework.test.context.event.EventPublishingTestExecutionListener]
2021-11-09 10:31:18,178 INFO org.springframework.boot.test.context.SpringBootTestContextBootstrapper [main] Using TestExecutionListeners: [org.springframework.test.context.web.ServletTestExecutionListener@25bcd0c7, org.springframework.test.context.support.DirtiesContextBeforeModesTestExecutionListener@32cb636e, org.springframework.test.context.event.ApplicationEventsTestExecutionListener@63cd604c, org.springframework.boot.test.mock.mockito.MockitoTestExecutionListener@40dd3977, org.springframework.boot.test.autoconfigure.SpringBootDependencyInjectionTestExecutionListener@3a4e343, org.springframework.test.context.support.DirtiesContextTestExecutionListener@6a1d204a, org.springframework.test.context.transaction.TransactionalTestExecutionListener@62dae245, org.springframework.test.context.jdbc.SqlScriptsTestExecutionListener@4b6579e8, org.springframework.test.context.event.EventPublishingTestExecutionListener@6fff253c, org.springframework.boot.test.mock.mockito.ResetMocksTestExecutionListener@6c6357f9, org.springframework.boot.test.autoconfigure.restdocs.RestDocsTestExecutionListener@591e58fa, org.springframework.boot.test.autoconfigure.web.client.MockRestServiceServerResetTestExecutionListener@3954d008, org.springframework.boot.test.autoconfigure.web.servlet.MockMvcPrintOnlyOnFailureTestExecutionListener@2f94c4db, org.springframework.boot.test.autoconfigure.web.servlet.WebDriverTestExecutionListener@593e824f, org.springframework.boot.test.autoconfigure.webservices.client.MockWebServiceServerTestExecutionListener@72ccd81a]
2021-11-09 10:31:18,617 INFO com.serviceimplementation.StudentExamTest [main] Starting StudentExamTest using Java 16.0.2 on LAPTOP-C6VKKQO7 with PID 25796 (started by hp in C:\Users\hp\Downloads\OnlineExamSystem)
2021-11-09 10:31:18,620 INFO com.serviceimplementation.StudentExamTest [main] No active profile set, falling back to default profiles: default
2021-11-09 10:31:18,639 INFO org.hibernate.validator.internal.util.Version [background-preinit] HV000001: Hibernate Validator 6.2.0.Final
2021-11-09 10:31:20,528 INFO org.springframework.data.repository.config.RepositoryConfigurationDelegate [main] Bootstrapping Spring Data JPA repositories in DEFAULT mode.
2021-11-09 10:31:20,764 INFO org.springframework.data.repository.config.RepositoryConfigurationDelegate [main] Finished Spring Data repository scanning in 224 ms. Found 7 JPA repository interfaces.
2021-11-09 10:31:22,857 INFO org.hibernate.jpa.internal.util.LogHelper [main] HHH000204: Processing PersistenceUnitInfo [name: default]
2021-11-09 10:31:22,939 INFO org.hibernate.Version [main] HHH000412: Hibernate ORM core version 5.4.32.Final
2021-11-09 10:31:23,015 INFO org.hibernate.annotations.common.Version [main] HCANN000001: Hibernate Commons Annotations {5.1.2.Final}
2021-11-09 10:31:23,261 INFO com.zaxxer.hikari.HikariDataSource [main] HikariPool-1 - Starting...
2021-11-09 10:31:23,498 INFO com.zaxxer.hikari.HikariDataSource [main] HikariPool-1 - Start completed.
2021-11-09 10:31:23,537 INFO org.hibernate.dialect.Dialect [main] HHH000400: Using dialect: org.hibernate.dialect.PostgreSQL10Dialect
2021-11-09 10:31:24,620 INFO org.hibernate.engine.transaction.jta.platform.internal.JtaPlatformInitiator [main] HHH000490: Using JtaPlatform implementation: [org.hibernate.engine.transaction.jta.platform.internal.NoJtaPlatform]
2021-11-09 10:31:24,632 INFO org.springframework.orm.jpa.LocalContainerEntityManagerFactoryBean [main] Initialized JPA EntityManagerFactory for persistence unit 'default'
2021-11-09 10:31:26,043 WARN org.springframework.boot.autoconfigure.orm.jpa.JpaBaseConfiguration$JpaWebConfiguration [main] spring.jpa.open-in-view is enabled by default. Therefore, database queries may be performed during view rendering. Explicitly configure spring.jpa.open-in-view to disable this warning
2021-11-09 10:31:28,894 INFO com.serviceimplementation.StudentExamTest [main] Started StudentExamTest in 10.639 seconds (JVM running for 12.5)
2021-11-09 10:31:29,325 INFO org.springframework.orm.jpa.LocalContainerEntityManagerFactoryBean [SpringApplicationShutdownHook] Closing JPA EntityManagerFactory for persistence unit 'default'
2021-11-09 10:31:29,333 INFO com.zaxxer.hikari.HikariDataSource [SpringApplicationShutdownHook] HikariPool-1 - Shutdown initiated...
2021-11-09 10:31:29,343 INFO com.zaxxer.hikari.HikariDataSource [SpringApplicationShutdownHook] HikariPool-1 - Shutdown completed.
